2016-06-08 16:08 WARNING : Unable to load config file (config.py:94)
2016-06-08 16:42 WARNING : Unable to load config file (config.py:94)
2016-06-08 16:44 WARNING : Unable to load config file (config.py:94)
2016-06-08 16:44 INFO    : psyco acceleration not enabled (02_qtlab_start.py:55)
2016-06-08 16:45 WARNING : Unable to load config file (config.py:94)
2016-06-08 16:45 INFO    : psyco acceleration not enabled (02_qtlab_start.py:55)
2016-06-08 16:46 WARNING : Unable to load config file (config.py:94)
2016-06-08 16:46 INFO    : psyco acceleration not enabled (02_qtlab_start.py:55)
2016-06-08 16:47 WARNING : Unable to load config file (config.py:94)
2016-06-08 16:47 INFO    : psyco acceleration not enabled (02_qtlab_start.py:55)
2016-06-08 16:47 WARNING : Unable to load config file (config.py:94)
2016-06-08 16:47 INFO    : psyco acceleration not enabled (02_qtlab_start.py:55)
2016-06-08 16:47 ERROR   : Instrument type example not supported (instruments.py:275)
2016-06-08 16:47 ERROR   : Instrument type dummy_signal_generator not supported (instruments.py:275)
2016-06-08 16:47 ERROR   : Instrument type dummy_positioner not supported (instruments.py:275)
2016-06-08 16:47 ERROR   : Instrument type virtual_composite not supported (instruments.py:275)
2016-06-08 16:47 ERROR   : Instrument type Agilent_ENA_5071C not supported (instruments.py:275)
2016-06-08 16:47 ERROR   : Instrument type AWG5014C not supported (instruments.py:275)
2016-06-08 16:47 ERROR   : Instrument type Aglient_MXA_N9020A not supported (instruments.py:275)
2016-06-08 16:47 ERROR   : Instrument type SignalCore_sc5511a not supported (instruments.py:275)
2016-06-08 16:47 ERROR   : Instrument type RecordTest_driver not supported (instruments.py:275)
2016-06-08 16:50 WARNING : Unable to load config file (config.py:94)
2016-06-08 16:50 INFO    : psyco acceleration not enabled (02_qtlab_start.py:55)
2016-06-08 16:50 ERROR   : Instrument type example not supported (instruments.py:275)
2016-06-08 16:50 ERROR   : Instrument type dummy_signal_generator not supported (instruments.py:275)
2016-06-08 16:50 ERROR   : Instrument type dummy_positioner not supported (instruments.py:275)
2016-06-08 16:50 ERROR   : Instrument type virtual_composite not supported (instruments.py:275)
2016-06-08 16:50 ERROR   : Instrument type Agilent_ENA_5071C not supported (instruments.py:275)
2016-06-08 16:50 ERROR   : Instrument type AWG5014C not supported (instruments.py:275)
2016-06-08 16:50 ERROR   : Instrument type Aglient_MXA_N9020A not supported (instruments.py:275)
2016-06-08 16:50 ERROR   : Instrument type SignalCore_sc5511a not supported (instruments.py:275)
2016-06-08 16:50 ERROR   : Instrument type RecordTest_driver not supported (instruments.py:275)
2016-06-08 16:53 WARNING : Unable to load config file (config.py:94)
2016-06-08 16:53 INFO    : psyco acceleration not enabled (02_qtlab_start.py:55)
2016-06-08 16:53 ERROR   : Instrument type example not supported (instruments.py:275)
2016-06-08 16:53 ERROR   : Instrument type dummy_signal_generator not supported (instruments.py:275)
2016-06-08 16:53 ERROR   : Instrument type dummy_positioner not supported (instruments.py:275)
2016-06-08 16:53 ERROR   : Instrument type virtual_composite not supported (instruments.py:275)
2016-06-08 16:53 ERROR   : Instrument type Agilent_ENA_5071C not supported (instruments.py:275)
2016-06-08 16:53 ERROR   : Instrument type AWG5014C not supported (instruments.py:275)
2016-06-08 16:53 ERROR   : Instrument type Aglient_MXA_N9020A not supported (instruments.py:275)
2016-06-08 16:53 ERROR   : Instrument type SignalCore_sc5511a not supported (instruments.py:275)
2016-06-08 16:53 ERROR   : Instrument type RecordTest_driver not supported (instruments.py:275)
2016-06-08 16:55 ERROR   : Instrument type Agilent_ENA_5071C not supported (instruments.py:275)
2016-06-08 16:57 ERROR   : Instrument type Agilent_ENA not supported (instruments.py:275)
2016-06-08 17:01 WARNING : Unable to load config file (config.py:94)
2016-06-08 17:01 INFO    : psyco acceleration not enabled (02_qtlab_start.py:55)
2016-06-08 17:01 ERROR   : Instrument type example not supported (instruments.py:275)
2016-06-08 17:01 ERROR   : Instrument type dummy_signal_generator not supported (instruments.py:275)
2016-06-08 17:01 ERROR   : Instrument type dummy_positioner not supported (instruments.py:275)
2016-06-08 17:01 ERROR   : Instrument type virtual_composite not supported (instruments.py:275)
2016-06-08 17:01 ERROR   : Instrument type Agilent_ENA_5071C not supported (instruments.py:275)
2016-06-08 17:01 ERROR   : Instrument type AWG5014C not supported (instruments.py:275)
2016-06-08 17:01 ERROR   : Instrument type Aglient_MXA_N9020A not supported (instruments.py:275)
2016-06-08 17:01 ERROR   : Instrument type SignalCore_sc5511a not supported (instruments.py:275)
2016-06-08 17:01 ERROR   : Instrument type RecordTest_driver not supported (instruments.py:275)
2016-06-08 17:02 ERROR   : Instrument type Agilent_ENA not supported (instruments.py:275)
2016-06-08 17:03 WARNING : Unable to load config file (config.py:94)
2016-06-08 17:03 INFO    : psyco acceleration not enabled (02_qtlab_start.py:55)
2016-06-08 17:03 ERROR   : Instrument type example not supported (instruments.py:275)
2016-06-08 17:03 ERROR   : Instrument type dummy_signal_generator not supported (instruments.py:275)
2016-06-08 17:03 ERROR   : Instrument type dummy_positioner not supported (instruments.py:275)
2016-06-08 17:03 ERROR   : Instrument type virtual_composite not supported (instruments.py:275)
2016-06-08 17:03 ERROR   : Instrument type Agilent_ENA_5071C not supported (instruments.py:275)
2016-06-08 17:03 ERROR   : Instrument type AWG5014C not supported (instruments.py:275)
2016-06-08 17:03 ERROR   : Instrument type Aglient_MXA_N9020A not supported (instruments.py:275)
2016-06-08 17:03 ERROR   : Instrument type SignalCore_sc5511a not supported (instruments.py:275)
2016-06-08 17:03 ERROR   : Instrument type RecordTest_driver not supported (instruments.py:275)
