2016-06-02 15:23 WARNING : Unable to load config file (config.py:94)
2016-06-02 15:23 INFO    : psyco acceleration not enabled (02_qtlab_start.py:54)
2016-06-02 15:23 INFO    : Resetting example instrument (example.py:82)
2016-06-02 15:23 WARNING : Current value not available, ignoring maxstep (instrument.py:944)
2016-06-02 15:23 INFO    : Agilent_ENA_5071C : Initializing instrument Agilent_E5071C (Agilent_ENA_5071C.py:27)
2016-06-02 15:23 INFO    : Agilent_ENA_5071C : get all (Agilent_ENA_5071C.py:82)
2016-06-02 15:23 INFO    : AWG5014C : Initializing instrument AWG5014C (AWG5014C.py:34)
2016-06-02 15:23 INFO    : AWG5014C : get all (AWG5014C.py:96)
2016-06-02 15:23 WARNING : Unable to cast value "1.00000000E-001" to <type 'int'> (instrument.py:730)
2016-06-02 15:23 INFO    : Aglient_MXA_N9020A : Initializing instrument Agilent_E5071C (Aglient_MXA_N9020A.py:31)
2016-06-02 15:23 INFO    : Aglient_MXA_N9020A : get all (Aglient_MXA_N9020A.py:82)
2016-06-02 15:23 WARNING : Get not implemented for SignalCore_sc5511a.RF1_frequency (instrument.py:1179)
2016-06-02 15:23 WARNING : Set not implemented for SignalCore_sc5511a.RF1_frequency (instrument.py:1183)
2016-06-02 15:23 INFO    : Allowing connection from ('127.0.0.1', 51274) (tcpservergtk.py:66)
2016-06-02 15:23 INFO    : Added client 59183, name  (object_sharer.py:87)
2016-06-02 15:37 INFO    : Emitting close-gui signal (qtflow.py:282)
2016-06-02 15:37 INFO    : psyco acceleration not enabled (02_qtlab_start.py:54)
2016-06-02 15:37 INFO    : Resetting example instrument (example.py:82)
2016-06-02 15:37 WARNING : Current value not available, ignoring maxstep (instrument.py:944)
2016-06-02 15:37 INFO    : Agilent_ENA_5071C : Initializing instrument Agilent_E5071C (Agilent_ENA_5071C.py:27)
2016-06-02 15:37 INFO    : Agilent_ENA_5071C : get all (Agilent_ENA_5071C.py:92)
2016-06-02 15:37 INFO    : AWG5014C : Initializing instrument AWG5014C (AWG5014C.py:34)
2016-06-02 15:37 INFO    : AWG5014C : get all (AWG5014C.py:96)
2016-06-02 15:37 WARNING : Unable to cast value "1.00000000E-001" to <type 'int'> (instrument.py:730)
2016-06-02 15:37 INFO    : Aglient_MXA_N9020A : Initializing instrument Agilent_E5071C (Aglient_MXA_N9020A.py:31)
2016-06-02 15:37 INFO    : Aglient_MXA_N9020A : get all (Aglient_MXA_N9020A.py:82)
2016-06-02 15:37 WARNING : Get not implemented for SignalCore_sc5511a.RF1_frequency (instrument.py:1179)
2016-06-02 15:37 WARNING : Set not implemented for SignalCore_sc5511a.RF1_frequency (instrument.py:1183)
2016-06-02 15:37 INFO    : Allowing connection from ('127.0.0.1', 51312) (tcpservergtk.py:66)
2016-06-02 15:37 INFO    : Added client 349503, name  (object_sharer.py:87)
2016-06-02 15:38 INFO    : Agilent_ENA_5071C : trigger (Agilent_ENA_5071C.py:105)
2016-06-02 15:40 INFO    : Agilent_ENA_5071C : trigger (Agilent_ENA_5071C.py:105)
2016-06-02 15:41 INFO    : Agilent_ENA_5071C : trigger (Agilent_ENA_5071C.py:105)
2016-06-02 15:41 INFO    : Agilent_ENA_5071C : trigger (Agilent_ENA_5071C.py:105)
2016-06-02 15:42 INFO    : Agilent_ENA_5071C : trigger (Agilent_ENA_5071C.py:105)
